<?xml version="1.0" encoding="UTF-8" standalone="no"?>
<!DOCTYPE log SYSTEM "logger.dtd">
<log>
<record>
  <date>2017-02-01T17:09:14.590-0300</date>
  <logger>JOSE GLAUBER BRAZ DE OLIVEIRA</logger>
  <level>FINE</level>
  <message>File 115210873-JOSE GLAUBER BRAZ DE OLIVEIRA.zip was received. It was sent by JOSE GLAUBER BRAZ DE OLIVEIRA from IP 192.168.100.27</message>
</record>
</log>
<?xml version="1.0" encoding="UTF-8" standalone="no"?>
<!DOCTYPE log SYSTEM "logger.dtd">
<log>
<record>
  <date>2017-02-01T23:08:09.524-0300</date>
  <logger>JOSE GLAUBER BRAZ DE OLIVEIRA</logger>
  <level>FINE</level>
  <message>File 115210873-JOSE GLAUBER BRAZ DE OLIVEIRA.zip was received. It was sent by JOSE GLAUBER BRAZ DE OLIVEIRA from IP 192.168.100.27</message>
</record>
</log>
<?xml version="1.0" encoding="UTF-8" standalone="no"?>
<!DOCTYPE log SYSTEM "logger.dtd">
<log>
<record>
  <date>2017-02-01T23:47:53.872-0300</date>
  <logger>JOSE GLAUBER BRAZ DE OLIVEIRA</logger>
  <level>FINE</level>
  <message>File 115210873-JOSE GLAUBER BRAZ DE OLIVEIRA.zip was received. It was sent by JOSE GLAUBER BRAZ DE OLIVEIRA from IP 192.168.100.27</message>
</record>
</log>
<?xml version="1.0" encoding="UTF-8" standalone="no"?>
<!DOCTYPE log SYSTEM "logger.dtd">
<log>
<record>
  <date>2017-02-02T12:27:04.700-0300</date>
  <logger>JOSE GLAUBER BRAZ DE OLIVEIRA</logger>
  <level>FINE</level>
  <message>File 115210873-JOSE GLAUBER BRAZ DE OLIVEIRA.zip was received. It was sent by JOSE GLAUBER BRAZ DE OLIVEIRA from IP 192.168.100.27</message>
</record>
