<?xml version="1.0" encoding="UTF-8" standalone="no"?>
<!DOCTYPE log SYSTEM "logger.dtd">
<head/><log>
<record>
  <date>2016-11-07T21:53:20.923-0300</date>
  <logger>JOSE GLAUBER BRAZ DE OLIVEIRA</logger>
  <level>FINE</level>
  <message>File 115210873-JOSE GLAUBER BRAZ DE OLIVEIRA.zip was received. It was sent by JOSE GLAUBER BRAZ DE OLIVEIRA from IP 192.168.100.27</message>
</record>
</log>
<?xml version="1.0" encoding="UTF-8" standalone="no"?>
<!DOCTYPE log SYSTEM "logger.dtd">
<log>
<record>
  <date>2016-11-08T01:21:50.628-0300</date>
  <logger>JOSE GLAUBER BRAZ DE OLIVEIRA</logger>
  <level>FINE</level>
  <message>File 115210873-JOSE GLAUBER BRAZ DE OLIVEIRA.zip was received. It was sent by JOSE GLAUBER BRAZ DE OLIVEIRA from IP 192.168.100.27</message>
</record>
</log>
<?xml version="1.0" encoding="UTF-8" standalone="no"?>
<!DOCTYPE log SYSTEM "logger.dtd">
<log>
<record>
  <date>2016-11-08T20:53:29.902-0300</date>
  <logger>JOSE GLAUBER BRAZ DE OLIVEIRA</logger>
  <level>FINE</level>
  <message>File 115210873-JOSE GLAUBER BRAZ DE OLIVEIRA.zip was received. It was sent by JOSE GLAUBER BRAZ DE OLIVEIRA from IP 192.168.100.27</message>
</record>
