<?xml version="1.0" encoding="UTF-8" standalone="no"?>
<!DOCTYPE log SYSTEM "logger.dtd">
<log>
<record>
  <date>2017-02-06T16:05:01.492-0300</date>
  <logger>JOSE GLAUBER BRAZ DE OLIVEIRA</logger>
  <level>FINE</level>
  <message>File 115210873-JOSE GLAUBER BRAZ DE OLIVEIRA.zip was received. It was sent by JOSE GLAUBER BRAZ DE OLIVEIRA from IP 192.168.100.27</message>
</record>
</log>
<?xml version="1.0" encoding="UTF-8" standalone="no"?>
<!DOCTYPE log SYSTEM "logger.dtd">
<log>
<record>
  <date>2017-02-06T19:11:53.204-0300</date>
  <logger>JOSE GLAUBER BRAZ DE OLIVEIRA</logger>
  <level>FINE</level>
  <message>File 115210873-JOSE GLAUBER BRAZ DE OLIVEIRA.zip was received. It was sent by JOSE GLAUBER BRAZ DE OLIVEIRA from IP 192.168.100.27</message>
</record>
</log>
<?xml version="1.0" encoding="UTF-8" standalone="no"?>
<!DOCTYPE log SYSTEM "logger.dtd">
<log>
<record>
  <date>2017-02-06T19:15:23.975-0300</date>
  <logger>JOSE GLAUBER BRAZ DE OLIVEIRA</logger>
  <level>FINE</level>
  <message>File 115210873-JOSE GLAUBER BRAZ DE OLIVEIRA.zip was received. It was sent by JOSE GLAUBER BRAZ DE OLIVEIRA from IP 192.168.100.27</message>
</record>
