<?xml version="1.0" encoding="UTF-8" standalone="no"?>
<!DOCTYPE log SYSTEM "logger.dtd">
<log>
<record>
  <date>2017-02-08T17:03:00.244-0300</date>
  <logger>JOSE GLAUBER BRAZ DE OLIVEIRA</logger>
  <level>FINE</level>
  <message>File 115210873-JOSE GLAUBER BRAZ DE OLIVEIRA.zip was received. It was sent by JOSE GLAUBER BRAZ DE OLIVEIRA from IP 192.168.100.27</message>
</record>
</log>
<?xml version="1.0" encoding="UTF-8" standalone="no"?>
<!DOCTYPE log SYSTEM "logger.dtd">
<log>
<record>
  <date>2017-02-08T19:14:04.388-0300</date>
  <logger>JOSE GLAUBER BRAZ DE OLIVEIRA</logger>
  <level>FINE</level>
  <message>File 115210873-JOSE GLAUBER BRAZ DE OLIVEIRA.zip was received. It was sent by JOSE GLAUBER BRAZ DE OLIVEIRA from IP 192.168.100.27</message>
</record>
</log>
<?xml version="1.0" encoding="UTF-8" standalone="no"?>
<!DOCTYPE log SYSTEM "logger.dtd">
<log>
<record>
  <date>2017-02-08T23:01:24.017-0300</date>
  <logger>JOSE GLAUBER BRAZ DE OLIVEIRA</logger>
  <level>FINE</level>
  <message>File 115210873-JOSE GLAUBER BRAZ DE OLIVEIRA.zip was received. It was sent by JOSE GLAUBER BRAZ DE OLIVEIRA from IP 192.168.100.27</message>
</record>
</log>
<?xml version="1.0" encoding="UTF-8" standalone="no"?>
<!DOCTYPE log SYSTEM "logger.dtd">
<log>
<record>
  <date>2017-02-09T00:44:24.947-0300</date>
  <logger>JOSE GLAUBER BRAZ DE OLIVEIRA</logger>
  <level>FINE</level>
  <message>File 115210873-JOSE GLAUBER BRAZ DE OLIVEIRA.zip was received. It was sent by JOSE GLAUBER BRAZ DE OLIVEIRA from IP 192.168.100.27</message>
</record>
</log>
<?xml version="1.0" encoding="UTF-8" standalone="no"?>
<!DOCTYPE log SYSTEM "logger.dtd">
<log>
<record>
  <date>2017-02-09T01:03:22.407-0300</date>
  <logger>JOSE GLAUBER BRAZ DE OLIVEIRA</logger>
  <level>FINE</level>
  <message>File 115210873-JOSE GLAUBER BRAZ DE OLIVEIRA.zip was received. It was sent by JOSE GLAUBER BRAZ DE OLIVEIRA from IP 192.168.100.27</message>
</record>
