<?xml version="1.0" encoding="UTF-8" standalone="no"?>
<!DOCTYPE log SYSTEM "logger.dtd">
<head/><log>
<record>
  <date>2016-12-14T16:13:24.031-0300</date>
  <logger>JOSE GLAUBER BRAZ DE OLIVEIRA</logger>
  <level>FINE</level>
  <message>File 115210873-JOSE GLAUBER BRAZ DE OLIVEIRA.zip was received. It was sent by JOSE GLAUBER BRAZ DE OLIVEIRA from IP 150.165.74.134</message>
</record>
</log>
<?xml version="1.0" encoding="UTF-8" standalone="no"?>
<!DOCTYPE log SYSTEM "logger.dtd">
<log>
<record>
  <date>2016-12-14T22:52:41.557-0300</date>
  <logger>JOSE GLAUBER BRAZ DE OLIVEIRA</logger>
  <level>FINE</level>
  <message>File 115210873-JOSE GLAUBER BRAZ DE OLIVEIRA.zip was received. It was sent by JOSE GLAUBER BRAZ DE OLIVEIRA from IP 192.168.100.25</message>
</record>
</log>
<?xml version="1.0" encoding="UTF-8" standalone="no"?>
<!DOCTYPE log SYSTEM "logger.dtd">
<log>
<record>
  <date>2016-12-14T22:56:31.738-0300</date>
  <logger>JOSE GLAUBER BRAZ DE OLIVEIRA</logger>
  <level>FINE</level>
  <message>File 115210873-JOSE GLAUBER BRAZ DE OLIVEIRA.zip was received. It was sent by JOSE GLAUBER BRAZ DE OLIVEIRA from IP 192.168.100.25</message>
</record>
